26-06-27 13:37:29.430 [MaintenanceTimer-4-thread-1] DEBUG org.mongodb.driver.connection - Connection closed: address=ac-twsyof8-shard-00-02.og0pkvw.mongodb.net:27017, driver-generated ID=7. Reason: Connection became stale because the pool was cleared.
26-06-27 13:37:29.864 [cluster-ClusterId{value='6a3f62b0521b686753c49170', description='Cluster0'}-ac-twsyof8-shard-00-01.og0pkvw.mongodb.net:27017] DEBUG org.mongodb.driver.cluster - Checking status of ac-twsyof8-shard-00-01.og0pkvw.mongodb.net:27017
26-06-27 13:37:29.864 [cluster-ClusterId{value='6a3f62b0521b686753c49170', description='Cluster0'}-ac-twsyof8-shard-00-00.og0pkvw.mongodb.net:27017] DEBUG org.mongodb.driver.cluster - Checking status of ac-twsyof8-shard-00-00.og0pkvw.mongodb.net:27017
26-06-27 13:37:29.864 [cluster-ClusterId{value='6a3f62b0521b686753c49170', description='Cluster0'}-ac-twsyof8-shard-00-01.og0pkvw.mongodb.net:27017] DEBUG org.mongodb.driver.cluster - Heartbeat started for ac-twsyof8-shard-00-01.og0pkvw.mongodb.net:27017 on connection with driver-generated ID 11 and server-generated ID null in topology with ID ClusterId{value='6a3f62b0521b686753c49170', description='Cluster0'}. Awaited: false
26-06-27 13:37:29.865 [cluster-ClusterId{value='6a3f62b0521b686753c49170', description='Cluster0'}-ac-twsyof8-shard-00-00.og0pkvw.mongodb.net:27017] DEBUG org.mongodb.driver.cluster - Heartbeat started for ac-twsyof8-shard-00-00.og0pkvw.mongodb.net:27017 on connection with driver-generated ID 12 and server-generated ID null in topology with ID ClusterId{value='6a3f62b0521b686753c49170', description='Cluster0'}. Awaited: false
26-06-27 13:37:29.865 [cluster-ClusterId{value='6a3f62b0521b686753c49170', description='Cluster0'}-ac-twsyof8-shard-00-02.og0pkvw.mongodb.net:27017] DEBUG org.mongodb.driver.cluster - Checking status of ac-twsyof8-shard-00-02.og0pkvw.mongodb.net:27017
26-06-27 13:37:29.866 [cluster-ClusterId{value='6a3f62b0521b686753c49170', description='Cluster0'}-ac-twsyof8-shard-00-02.og0pkvw.mongodb.net:27017] DEBUG org.mongodb.driver.cluster - Heartbeat started for ac-twsyof8-shard-00-02.og0pkvw.mongodb.net:27017 on connection with driver-generated ID 13 and server-generated ID null in topology with ID ClusterId{value='6a3f62b0521b686753c49170', description='Cluster0'}. Awaited: false
26-06-27 13:37:30.066 [cluster-ClusterId{value='6a3f62b0521b686753c49170', description='Cluster0'}-ac-twsyof8-shard-00-01.og0pkvw.mongodb.net:27017] DEBUG org.mongodb.driver.cluster - Heartbeat failed in 202 ms for ac-twsyof8-shard-00-01.og0pkvw.mongodb.net:27017 on connection with driver-generated ID 11 and server-generated ID null in topology with ID ClusterId{value='6a3f62b0521b686753c49170', description='Cluster0'}. Awaited: false. Failure: Exception sending message
26-06-27 13:37:30.066 [cluster-ClusterId{value='6a3f62b0521b686753c49170', description='Cluster0'}-ac-twsyof8-shard-00-00.og0pkvw.mongodb.net:27017] DEBUG org.mongodb.driver.cluster - Heartbeat failed in 200 ms for ac-twsyof8-shard-00-00.og0pkvw.mongodb.net:27017 on connection with driver-generated ID 12 and server-generated ID null in topology with ID ClusterId{value='6a3f62b0521b686753c49170', description='Cluster0'}. Awaited: false. Failure: Exception sending message
26-06-27 13:37:30.067 [cluster-ClusterId{value='6a3f62b0521b686753c49170', description='Cluster0'}-ac-twsyof8-shard-00-00.og0pkvw.mongodb.net:27017] INFO  org.mongodb.driver.cluster - Exception in monitor thread while connecting to server ac-twsyof8-shard-00-00.og0pkvw.mongodb.net:27017
com.mongodb.MongoSocketWriteException: Exception sending message
	at com.mongodb.internal.connection.InternalStreamConnection.throwTranslatedWriteException(InternalStreamConnection.java:785)
	at com.mongodb.internal.connection.InternalStreamConnection.sendMessage(InternalStreamConnection.java:670)
	at com.mongodb.internal.connection.InternalStreamConnection.trySendMessage(InternalStreamConnection.java:507)
	at com.mongodb.internal.connection.InternalStreamConnection.sendCommandMessage(InternalStreamConnection.java:482)
	at com.mongodb.internal.connection.InternalStreamConnection.sendAndReceiveInternal(InternalStreamConnection.java:440)
	at com.mongodb.internal.connection.InternalStreamConnection.lambda$sendAndReceive$0(InternalStreamConnection.java:375)
	at com.mongodb.internal.connection.InternalStreamConnection.sendAndReceive(InternalStreamConnection.java:378)
	at com.mongodb.internal.connection.CommandHelper.sendAndReceive(CommandHelper.java:98)
	at com.mongodb.internal.connection.CommandHelper.executeCommand(CommandHelper.java:47)
	at com.mongodb.internal.connection.InternalStreamConnectionInitializer.initializeConnectionDescription(InternalStreamConnectionInitializer.java:144)
	at com.mongodb.internal.connection.InternalStreamConnectionInitializer.startHandshake(InternalStreamConnectionInitializer.java:78)
	at com.mongodb.internal.connection.InternalStreamConnection.open(InternalStreamConnection.java:235)
	at com.mongodb.internal.connection.DefaultServerMonitor$ServerMonitor.setupNewConnectionAndGetInitialDescription(DefaultServerMonitor.java:282)
	at com.mongodb.internal.connection.DefaultServerMonitor$ServerMonitor.lookupServerDescription(DefaultServerMonitor.java:253)
	at com.mongodb.internal.connection.DefaultServerMonitor$ServerMonitor.run(DefaultServerMonitor.java:203)
Caused by: javax.net.ssl.SSLException: (internal_error) Received fatal alert: internal_error
	at java.base/sun.security.ssl.Alert.createSSLException(Alert.java:132)
	at java.base/sun.security.ssl.Alert.createSSLException(Alert.java:117)
	at java.base/sun.security.ssl.TransportContext.fatal(TransportContext.java:363)
	at java.base/sun.security.ssl.Alert$AlertConsumer.consume(Alert.java:287)
	at java.base/sun.security.ssl.TransportContext.dispatch(TransportContext.java:202)
	at java.base/sun.security.ssl.SSLTransport.decode(SSLTransport.java:172)
	at java.base/sun.security.ssl.SSLSocketImpl.decode(SSLSocketImpl.java:1506)
	at java.base/sun.security.ssl.SSLSocketImpl.readHandshakeRecord(SSLSocketImpl.java:1421)
	at java.base/sun.security.ssl.SSLSocketImpl.startHandshake(SSLSocketImpl.java:455)
	at java.base/sun.security.ssl.SSLSocketImpl.ensureNegotiated(SSLSocketImpl.java:924)
	at java.base/sun.security.ssl.SSLSocketImpl$AppOutputStream.write(SSLSocketImpl.java:1293)
	at com.mongodb.internal.connection.SocketStream.write(SocketStream.java:165)
	at com.mongodb.internal.connection.InternalStreamConnection.sendMessage(InternalStreamConnection.java:667)
	... 13 common frames omitted
26-06-27 13:37:30.067 [cluster-ClusterId{value='6a3f62b0521b686753c49170', description='Cluster0'}-ac-twsyof8-shard-00-01.og0pkvw.mongodb.net:27017] INFO  org.mongodb.driver.cluster - Exception in monitor thread while connecting to server ac-twsyof8-shard-00-01.og0pkvw.mongodb.net:27017
com.mongodb.MongoSocketWriteException: Exception sending message
	at com.mongodb.internal.connection.InternalStreamConnection.throwTranslatedWriteException(InternalStreamConnection.java:785)
	at com.mongodb.internal.connection.InternalStreamConnection.sendMessage(InternalStreamConnection.java:670)
	at com.mongodb.internal.connection.InternalStreamConnection.trySendMessage(InternalStreamConnection.java:507)
	at com.mongodb.internal.connection.InternalStreamConnection.sendCommandMessage(InternalStreamConnection.java:482)
	at com.mongodb.internal.connection.InternalStreamConnection.sendAndReceiveInternal(InternalStreamConnection.java:440)
	at com.mongodb.internal.connection.InternalStreamConnection.lambda$sendAndReceive$0(InternalStreamConnection.java:375)
	at com.mongodb.internal.connection.InternalStreamConnection.sendAndReceive(InternalStreamConnection.java:378)
	at com.mongodb.internal.connection.CommandHelper.sendAndReceive(CommandHelper.java:98)
	at com.mongodb.internal.connection.CommandHelper.executeCommand(CommandHelper.java:47)
	at com.mongodb.internal.connection.InternalStreamConnectionInitializer.initializeConnectionDescription(InternalStreamConnectionInitializer.java:144)
	at com.mongodb.internal.connection.InternalStreamConnectionInitializer.startHandshake(InternalStreamConnectionInitializer.java:78)
	at com.mongodb.internal.connection.InternalStreamConnection.open(InternalStreamConnection.java:235)
	at com.mongodb.internal.connection.DefaultServerMonitor$ServerMonitor.setupNewConnectionAndGetInitialDescription(DefaultServerMonitor.java:282)
	at com.mongodb.internal.connection.DefaultServerMonitor$ServerMonitor.lookupServerDescription(DefaultServerMonitor.java:253)
	at com.mongodb.internal.connection.DefaultServerMonitor$ServerMonitor.run(DefaultServerMonitor.java:203)
Caused by: javax.net.ssl.SSLException: (internal_error) Received fatal alert: internal_error
	at java.base/sun.security.ssl.Alert.createSSLException(Alert.java:132)
	at java.base/sun.security.ssl.Alert.createSSLException(Alert.java:117)
	at java.base/sun.security.ssl.TransportContext.fatal(TransportContext.java:363)
	at java.base/sun.security.ssl.Alert$AlertConsumer.consume(Alert.java:287)
	at java.base/sun.security.ssl.TransportContext.dispatch(TransportContext.java:202)
	at java.base/sun.security.ssl.SSLTransport.decode(SSLTransport.java:172)
	at java.base/sun.security.ssl.SSLSocketImpl.decode(SSLSocketImpl.java:1506)
	at java.base/sun.security.ssl.SSLSocketImpl.readHandshakeRecord(SSLSocketImpl.java:1421)
	at java.base/sun.security.ssl.SSLSocketImpl.startHandshake(SSLSocketImpl.java:455)
	at java.base/sun.security.ssl.SSLSocketImpl.ensureNegotiated(SSLSocketImpl.java:924)
	at java.base/sun.security.ssl.SSLSocketImpl$AppOutputStream.write(SSLSocketImpl.java:1293)
	at com.mongodb.internal.connection.SocketStream.write(SocketStream.java:165)
	at com.mongodb.internal.connection.InternalStreamConnection.sendMessage(InternalStreamConnection.java:667)
	... 13 common frames omitted
26-06-27 13:37:30.068 [cluster-ClusterId{value='6a3f62b0521b686753c49170', description='Cluster0'}-ac-twsyof8-shard-00-00.og0pkvw.mongodb.net:27017] DEBUG org.mongodb.driver.cluster - Updating cluster description to  {type=REPLICA_SET, servers=[{address=ac-twsyof8-shard-00-00.og0pkvw.mongodb.net:27017, type=UNKNOWN, state=CONNECTING, exception={com.mongodb.MongoSocketWriteException: Exception sending message}, caused by {javax.net.ssl.SSLException: (internal_error) Received fatal alert: internal_error}}, {address=ac-twsyof8-shard-00-01.og0pkvw.mongodb.net:27017, type=UNKNOWN, state=CONNECTING, exception={com.mongodb.MongoSocketException: No such host is known (ac-twsyof8-shard-00-01.og0pkvw.mongodb.net)}, caused by {java.net.UnknownHostException: No such host is known (ac-twsyof8-shard-00-01.og0pkvw.mongodb.net)}}, {address=ac-twsyof8-shard-00-02.og0pkvw.mongodb.net:27017, type=UNKNOWN, state=CONNECTING, exception={com.mongodb.MongoSocketException: No such host is known (ac-twsyof8-shard-00-02.og0pkvw.mongodb.net)}, caused by {java.net.UnknownHostException: No such host is known (ac-twsyof8-shard-00-02.og0pkvw.mongodb.net)}}]
26-06-27 13:37:30.069 [cluster-ClusterId{value='6a3f62b0521b686753c49170', description='Cluster0'}-ac-twsyof8-shard-00-00.og0pkvw.mongodb.net:27017] DEBUG org.mongodb.driver.cluster - Description changed for topology with ID ClusterId{value='6a3f62b0521b686753c49170', description='Cluster0'}. Previous description: {type=REPLICA_SET, servers=[{address=ac-twsyof8-shard-00-00.og0pkvw.mongodb.net:27017, type=UNKNOWN, state=CONNECTING, exception={com.mongodb.MongoSocketException: No such host is known (ac-twsyof8-shard-00-00.og0pkvw.mongodb.net)}, caused by {java.net.UnknownHostException: No such host is known (ac-twsyof8-shard-00-00.og0pkvw.mongodb.net)}}, {address=ac-twsyof8-shard-00-01.og0pkvw.mongodb.net:27017, type=UNKNOWN, state=CONNECTING, exception={com.mongodb.MongoSocketException: No such host is known (ac-twsyof8-shard-00-01.og0pkvw.mongodb.net)}, caused by {java.net.UnknownHostException: No such host is known (ac-twsyof8-shard-00-01.og0pkvw.mongodb.net)}}, {address=ac-twsyof8-shard-00-02.og0pkvw.mongodb.net:27017, type=UNKNOWN, state=CONNECTING, exception={com.mongodb.MongoSocketException: No such host is known (ac-twsyof8-shard-00-02.og0pkvw.mongodb.net)}, caused by {java.net.UnknownHostException: No such host is known (ac-twsyof8-shard-00-02.og0pkvw.mongodb.net)}}]. New description: {type=REPLICA_SET, servers=[{address=ac-twsyof8-shard-00-00.og0pkvw.mongodb.net:27017, type=UNKNOWN, state=CONNECTING, exception={com.mongodb.MongoSocketWriteException: Exception sending message}, caused by {javax.net.ssl.SSLException: (internal_error) Received fatal alert: internal_error}}, {address=ac-twsyof8-shard-00-01.og0pkvw.mongodb.net:27017, type=UNKNOWN, state=CONNECTING, exception={com.mongodb.MongoSocketException: No such host is known (ac-twsyof8-shard-00-01.og0pkvw.mongodb.net)}, caused by {java.net.UnknownHostException: No such host is known (ac-twsyof8-shard-00-01.og0pkvw.mongodb.net)}}, {address=ac-twsyof8-shard-00-02.og0pkvw.mongodb.net:27017, type=UNKNOWN, state=CONNECTING, exception={com.mongodb.MongoSocketException: No such host is known (ac-twsyof8-shard-00-02.og0pkvw.mongodb.net)}, caused by {java.net.UnknownHostException: No such host is known (ac-twsyof8-shard-00-02.og0pkvw.mongodb.net)}}]
26-06-27 13:37:30.069 [cluster-ClusterId{value='6a3f62b0521b686753c49170', description='Cluster0'}-ac-twsyof8-shard-00-01.og0pkvw.mongodb.net:27017] DEBUG org.mongodb.driver.cluster - Updating cluster description to  {type=REPLICA_SET, servers=[{address=ac-twsyof8-shard-00-00.og0pkvw.mongodb.net:27017, type=UNKNOWN, state=CONNECTING, exception={com.mongodb.MongoSocketWriteException: Exception sending message}, caused by {javax.net.ssl.SSLException: (internal_error) Received fatal alert: internal_error}}, {address=ac-twsyof8-shard-00-01.og0pkvw.mongodb.net:27017, type=UNKNOWN, state=CONNECTING, exception={com.mongodb.MongoSocketWriteException: Exception sending message}, caused by {javax.net.ssl.SSLException: (internal_error) Received fatal alert: internal_error}}, {address=ac-twsyof8-shard-00-02.og0pkvw.mongodb.net:27017, type=UNKNOWN, state=CONNECTING, exception={com.mongodb.MongoSocketException: No such host is known (ac-twsyof8-shard-00-02.og0pkvw.mongodb.net)}, caused by {java.net.UnknownHostException: No such host is known (ac-twsyof8-shard-00-02.og0pkvw.mongodb.net)}}]
26-06-27 13:37:30.069 [cluster-ClusterId{value='6a3f62b0521b686753c49170', description='Cluster0'}-ac-twsyof8-shard-00-01.og0pkvw.mongodb.net:27017] DEBUG org.mongodb.driver.cluster - Description changed for topology with ID ClusterId{value='6a3f62b0521b686753c49170', description='Cluster0'}. Previous description: {type=REPLICA_SET, servers=[{address=ac-twsyof8-shard-00-00.og0pkvw.mongodb.net:27017, type=UNKNOWN, state=CONNECTING, exception={com.mongodb.MongoSocketWriteException: Exception sending message}, caused by {javax.net.ssl.SSLException: (internal_error) Received fatal alert: internal_error}}, {address=ac-twsyof8-shard-00-01.og0pkvw.mongodb.net:27017, type=UNKNOWN, state=CONNECTING, exception={com.mongodb.MongoSocketException: No such host is known (ac-twsyof8-shard-00-01.og0pkvw.mongodb.net)}, caused by {java.net.UnknownHostException: No such host is known (ac-twsyof8-shard-00-01.og0pkvw.mongodb.net)}}, {address=ac-twsyof8-shard-00-02.og0pkvw.mongodb.net:27017, type=UNKNOWN, state=CONNECTING, exception={com.mongodb.MongoSocketException: No such host is known (ac-twsyof8-shard-00-02.og0pkvw.mongodb.net)}, caused by {java.net.UnknownHostException: No such host is known (ac-twsyof8-shard-00-02.og0pkvw.mongodb.net)}}]. New description: {type=REPLICA_SET, servers=[{address=ac-twsyof8-shard-00-00.og0pkvw.mongodb.net:27017, type=UNKNOWN, state=CONNECTING, exception={com.mongodb.MongoSocketWriteException: Exception sending message}, caused by {javax.net.ssl.SSLException: (internal_error) Received fatal alert: internal_error}}, {address=ac-twsyof8-shard-00-01.og0pkvw.mongodb.net:27017, type=UNKNOWN, state=CONNECTING, exception={com.mongodb.MongoSocketWriteException: Exception sending message}, caused by {javax.net.ssl.SSLException: (internal_error) Received fatal alert: internal_error}}, {address=ac-twsyof8-shard-00-02.og0pkvw.mongodb.net:27017, type=UNKNOWN, state=CONNECTING, exception={com.mongodb.MongoSocketException: No such host is known (ac-twsyof8-shard-00-02.og0pkvw.mongodb.net)}, caused by {java.net.UnknownHostException: No such host is known (ac-twsyof8-shard-00-02.og0pkvw.mongodb.net)}}]
26-06-27 13:37:30.070 [cluster-ClusterId{value='6a3f62b0521b686753c49170', description='Cluster0'}-ac-twsyof8-shard-00-02.og0pkvw.mongodb.net:27017] DEBUG org.mongodb.driver.cluster - Heartbeat failed in 204 ms for ac-twsyof8-shard-00-02.og0pkvw.mongodb.net:27017 on connection with driver-generated ID 13 and server-generated ID null in topology with ID ClusterId{value='6a3f62b0521b686753c49170', description='Cluster0'}. Awaited: false. Failure: Exception sending message
26-06-27 13:37:30.070 [cluster-ClusterId{value='6a3f62b0521b686753c49170', description='Cluster0'}-ac-twsyof8-shard-00-02.og0pkvw.mongodb.net:27017] INFO  org.mongodb.driver.cluster - Exception in monitor thread while connecting to server ac-twsyof8-shard-00-02.og0pkvw.mongodb.net:27017
com.mongodb.MongoSocketWriteException: Exception sending message
	at com.mongodb.internal.connection.InternalStreamConnection.throwTranslatedWriteException(InternalStreamConnection.java:785)
	at com.mongodb.internal.connection.InternalStreamConnection.sendMessage(InternalStreamConnection.java:670)
	at com.mongodb.internal.connection.InternalStreamConnection.trySendMessage(InternalStreamConnection.java:507)
	at com.mongodb.internal.connection.InternalStreamConnection.sendCommandMessage(InternalStreamConnection.java:482)
	at com.mongodb.internal.connection.InternalStreamConnection.sendAndReceiveInternal(InternalStreamConnection.java:440)
	at com.mongodb.internal.connection.InternalStreamConnection.lambda$sendAndReceive$0(InternalStreamConnection.java:375)
	at com.mongodb.internal.connection.InternalStreamConnection.sendAndReceive(InternalStreamConnection.java:378)
	at com.mongodb.internal.connection.CommandHelper.sendAndReceive(CommandHelper.java:98)
	at com.mongodb.internal.connection.CommandHelper.executeCommand(CommandHelper.java:47)
	at com.mongodb.internal.connection.InternalStreamConnectionInitializer.initializeConnectionDescription(InternalStreamConnectionInitializer.java:144)
	at com.mongodb.internal.connection.InternalStreamConnectionInitializer.startHandshake(InternalStreamConnectionInitializer.java:78)
	at com.mongodb.internal.connection.InternalStreamConnection.open(InternalStreamConnection.java:235)
	at com.mongodb.internal.connection.DefaultServerMonitor$ServerMonitor.setupNewConnectionAndGetInitialDescription(DefaultServerMonitor.java:282)
	at com.mongodb.internal.connection.DefaultServerMonitor$ServerMonitor.lookupServerDescription(DefaultServerMonitor.java:253)
	at com.mongodb.internal.connection.DefaultServerMonitor$ServerMonitor.run(DefaultServerMonitor.java:203)
Caused by: javax.net.ssl.SSLException: (internal_error) Received fatal alert: internal_error
	at java.base/sun.security.ssl.Alert.createSSLException(Alert.java:132)
	at java.base/sun.security.ssl.Alert.createSSLException(Alert.java:117)
	at java.base/sun.security.ssl.TransportContext.fatal(TransportContext.java:363)
	at java.base/sun.security.ssl.Alert$AlertConsumer.consume(Alert.java:287)
	at java.base/sun.security.ssl.TransportContext.dispatch(TransportContext.java:202)
	at java.base/sun.security.ssl.SSLTransport.decode(SSLTransport.java:172)
	at java.base/sun.security.ssl.SSLSocketImpl.decode(SSLSocketImpl.java:1506)
	at java.base/sun.security.ssl.SSLSocketImpl.readHandshakeRecord(SSLSocketImpl.java:1421)
	at java.base/sun.security.ssl.SSLSocketImpl.startHandshake(SSLSocketImpl.java:455)
	at java.base/sun.security.ssl.SSLSocketImpl.ensureNegotiated(SSLSocketImpl.java:924)
	at java.base/sun.security.ssl.SSLSocketImpl$AppOutputStream.write(SSLSocketImpl.java:1293)
	at com.mongodb.internal.connection.SocketStream.write(SocketStream.java:165)
	at com.mongodb.internal.connection.InternalStreamConnection.sendMessage(InternalStreamConnection.java:667)
	... 13 common frames omitted
26-06-27 13:37:30.070 [cluster-ClusterId{value='6a3f62b0521b686753c49170', description='Cluster0'}-ac-twsyof8-shard-00-02.og0pkvw.mongodb.net:27017] DEBUG org.mongodb.driver.cluster - Updating cluster description to  {type=REPLICA_SET, servers=[{address=ac-twsyof8-shard-00-00.og0pkvw.mongodb.net:27017, type=UNKNOWN, state=CONNECTING, exception={com.mongodb.MongoSocketWriteException: Exception sending message}, caused by {javax.net.ssl.SSLException: (internal_error) Received fatal alert: internal_error}}, {address=ac-twsyof8-shard-00-01.og0pkvw.mongodb.net:27017, type=UNKNOWN, state=CONNECTING, exception={com.mongodb.MongoSocketWriteException: Exception sending message}, caused by {javax.net.ssl.SSLException: (internal_error) Received fatal alert: internal_error}}, {address=ac-twsyof8-shard-00-02.og0pkvw.mongodb.net:27017, type=UNKNOWN, state=CONNECTING, exception={com.mongodb.MongoSocketWriteException: Exception sending message}, caused by {javax.net.ssl.SSLException: (internal_error) Received fatal alert: internal_error}}]
26-06-27 13:37:30.071 [cluster-ClusterId{value='6a3f62b0521b686753c49170', description='Cluster0'}-ac-twsyof8-shard-00-02.og0pkvw.mongodb.net:27017] DEBUG org.mongodb.driver.cluster - Description changed for topology with ID ClusterId{value='6a3f62b0521b686753c49170', description='Cluster0'}. Previous description: {type=REPLICA_SET, servers=[{address=ac-twsyof8-shard-00-00.og0pkvw.mongodb.net:27017, type=UNKNOWN, state=CONNECTING, exception={com.mongodb.MongoSocketWriteException: Exception sending message}, caused by {javax.net.ssl.SSLException: (internal_error) Received fatal alert: internal_error}}, {address=ac-twsyof8-shard-00-01.og0pkvw.mongodb.net:27017, type=UNKNOWN, state=CONNECTING, exception={com.mongodb.MongoSocketWriteException: Exception sending message}, caused by {javax.net.ssl.SSLException: (internal_error) Received fatal alert: internal_error}}, {address=ac-twsyof8-shard-00-02.og0pkvw.mongodb.net:27017, type=UNKNOWN, state=CONNECTING, exception={com.mongodb.MongoSocketException: No such host is known (ac-twsyof8-shard-00-02.og0pkvw.mongodb.net)}, caused by {java.net.UnknownHostException: No such host is known (ac-twsyof8-shard-00-02.og0pkvw.mongodb.net)}}]. New description: {type=REPLICA_SET, servers=[{address=ac-twsyof8-shard-00-00.og0pkvw.mongodb.net:27017, type=UNKNOWN, state=CONNECTING, exception={com.mongodb.MongoSocketWriteException: Exception sending message}, caused by {javax.net.ssl.SSLException: (internal_error) Received fatal alert: internal_error}}, {address=ac-twsyof8-shard-00-01.og0pkvw.mongodb.net:27017, type=UNKNOWN, state=CONNECTING, exception={com.mongodb.MongoSocketWriteException: Exception sending message}, caused by {javax.net.ssl.SSLException: (internal_error) Received fatal alert: internal_error}}, {address=ac-twsyof8-shard-00-02.og0pkvw.mongodb.net:27017, type=UNKNOWN, state=CONNECTING, exception={com.mongodb.MongoSocketWriteException: Exception sending message}, caused by {javax.net.ssl.SSLException: (internal_error) Received fatal alert: internal_error}}]
26-06-27 13:37:40.070 [cluster-ClusterId{value='6a3f62b0521b686753c49170', description='Cluster0'}-ac-twsyof8-shard-00-01.og0pkvw.mongodb.net:27017] DEBUG org.mongodb.driver.cluster - Checking status of ac-twsyof8-shard-00-01.og0pkvw.mongodb.net:27017
26-06-27 13:37:40.070 [cluster-ClusterId{value='6a3f62b0521b686753c49170', description='Cluster0'}-ac-twsyof8-shard-00-00.og0pkvw.mongodb.net:27017] DEBUG org.mongodb.driver.cluster - Checking status of ac-twsyof8-shard-00-00.og0pkvw.mongodb.net:27017
26-06-27 13:37:40.070 [cluster-ClusterId{value='6a3f62b0521b686753c49170', description='Cluster0'}-ac-twsyof8-shard-00-01.og0pkvw.mongodb.net:27017] DEBUG org.mongodb.driver.cluster - Heartbeat started for ac-twsyof8-shard-00-01.og0pkvw.mongodb.net:27017 on connection with driver-generated ID 17 and server-generated ID null in topology with ID ClusterId{value='6a3f62b0521b686753c49170', description='Cluster0'}. Awaited: false
26-06-27 13:37:40.070 [cluster-ClusterId{value='6a3f62b0521b686753c49170', description='Cluster0'}-ac-twsyof8-shard-00-00.og0pkvw.mongodb.net:27017] DEBUG org.mongodb.driver.cluster - Heartbeat started for ac-twsyof8-shard-00-00.og0pkvw.mongodb.net:27017 on connection with driver-generated ID 18 and server-generated ID null in topology with ID ClusterId{value='6a3f62b0521b686753c49170', description='Cluster0'}. Awaited: false
26-06-27 13:37:40.072 [cluster-ClusterId{value='6a3f62b0521b686753c49170', description='Cluster0'}-ac-twsyof8-shard-00-02.og0pkvw.mongodb.net:27017] DEBUG org.mongodb.driver.cluster - Checking status of ac-twsyof8-shard-00-02.og0pkvw.mongodb.net:27017
26-06-27 13:37:40.072 [cluster-ClusterId{value='6a3f62b0521b686753c49170', description='Cluster0'}-ac-twsyof8-shard-00-02.og0pkvw.mongodb.net:27017] DEBUG org.mongodb.driver.cluster - Heartbeat started for ac-twsyof8-shard-00-02.og0pkvw.mongodb.net:27017 on connection with driver-generated ID 19 and server-generated ID null in topology with ID ClusterId{value='6a3f62b0521b686753c49170', description='Cluster0'}. Awaited: false
26-06-27 13:37:40.231 [cluster-ClusterId{value='6a3f62b0521b686753c49170', description='Cluster0'}-ac-twsyof8-shard-00-02.og0pkvw.mongodb.net:27017] DEBUG org.mongodb.driver.cluster - Heartbeat failed in 159 ms for ac-twsyof8-shard-00-02.og0pkvw.mongodb.net:27017 on connection with driver-generated ID 19 and server-generated ID null in topology with ID ClusterId{value='6a3f62b0521b686753c49170', description='Cluster0'}. Awaited: false. Failure: Exception sending message
26-06-27 13:37:40.232 [cluster-ClusterId{value='6a3f62b0521b686753c49170', description='Cluster0'}-ac-twsyof8-shard-00-02.og0pkvw.mongodb.net:27017] DEBUG org.mongodb.driver.cluster - Updating cluster description to  {type=REPLICA_SET, servers=[{address=ac-twsyof8-shard-00-00.og0pkvw.mongodb.net:27017, type=UNKNOWN, state=CONNECTING, exception={com.mongodb.MongoSocketWriteException: Exception sending message}, caused by {javax.net.ssl.SSLException: (internal_error) Received fatal alert: internal_error}}, {address=ac-twsyof8-shard-00-01.og0pkvw.mongodb.net:27017, type=UNKNOWN, state=CONNECTING, exception={com.mongodb.MongoSocketWriteException: Exception sending message}, caused by {javax.net.ssl.SSLException: (internal_error) Received fatal alert: internal_error}}, {address=ac-twsyof8-shard-00-02.og0pkvw.mongodb.net:27017, type=UNKNOWN, state=CONNECTING, exception={com.mongodb.MongoSocketWriteException: Exception sending message}, caused by {javax.net.ssl.SSLException: (internal_error) Received fatal alert: internal_error}}]
26-06-27 13:37:40.249 [cluster-ClusterId{value='6a3f62b0521b686753c49170', description='Cluster0'}-ac-twsyof8-shard-00-00.og0pkvw.mongodb.net:27017] DEBUG org.mongodb.driver.cluster - Heartbeat failed in 178 ms for ac-twsyof8-shard-00-00.og0pkvw.mongodb.net:27017 on connection with driver-generated ID 18 and server-generated ID null in topology with ID ClusterId{value='6a3f62b0521b686753c49170', description='Cluster0'}. Awaited: false. Failure: Exception sending message
26-06-27 13:37:40.249 [cluster-ClusterId{value='6a3f62b0521b686753c49170', description='Cluster0'}-ac-twsyof8-shard-00-00.og0pkvw.mongodb.net:27017] DEBUG org.mongodb.driver.cluster - Updating cluster description to  {type=REPLICA_SET, servers=[{address=ac-twsyof8-shard-00-00.og0pkvw.mongodb.net:27017, type=UNKNOWN, state=CONNECTING, exception={com.mongodb.MongoSocketWriteException: Exception sending message}, caused by {javax.net.ssl.SSLException: (internal_error) Received fatal alert: internal_error}}, {address=ac-twsyof8-shard-00-01.og0pkvw.mongodb.net:27017, type=UNKNOWN, state=CONNECTING, exception={com.mongodb.MongoSocketWriteException: Exception sending message}, caused by {javax.net.ssl.SSLException: (internal_error) Received fatal alert: internal_error}}, {address=ac-twsyof8-shard-00-02.og0pkvw.mongodb.net:27017, type=UNKNOWN, state=CONNECTING, exception={com.mongodb.MongoSocketWriteException: Exception sending message}, caused by {javax.net.ssl.SSLException: (internal_error) Received fatal alert: internal_error}}]
26-06-27 13:37:40.252 [cluster-ClusterId{value='6a3f62b0521b686753c49170', description='Cluster0'}-ac-twsyof8-shard-00-01.og0pkvw.mongodb.net:27017] DEBUG org.mongodb.driver.cluster - Heartbeat failed in 182 ms for ac-twsyof8-shard-00-01.og0pkvw.mongodb.net:27017 on connection with driver-generated ID 17 and server-generated ID null in topology with ID ClusterId{value='6a3f62b0521b686753c49170', description='Cluster0'}. Awaited: false. Failure: Exception sending message
26-06-27 13:37:40.252 [cluster-ClusterId{value='6a3f62b0521b686753c49170', description='Cluster0'}-ac-twsyof8-shard-00-01.og0pkvw.mongodb.net:27017] DEBUG org.mongodb.driver.cluster - Updating cluster description to  {type=REPLICA_SET, servers=[{address=ac-twsyof8-shard-00-00.og0pkvw.mongodb.net:27017, type=UNKNOWN, state=CONNECTING, exception={com.mongodb.MongoSocketWriteException: Exception sending message}, caused by {javax.net.ssl.SSLException: (internal_error) Received fatal alert: internal_error}}, {address=ac-twsyof8-shard-00-01.og0pkvw.mongodb.net:27017, type=UNKNOWN, state=CONNECTING, exception={com.mongodb.MongoSocketWriteException: Exception sending message}, caused by {javax.net.ssl.SSLException: (internal_error) Received fatal alert: internal_error}}, {address=ac-twsyof8-shard-00-02.og0pkvw.mongodb.net:27017, type=UNKNOWN, state=CONNECTING, exception={com.mongodb.MongoSocketWriteException: Exception sending message}, caused by {javax.net.ssl.SSLException: (internal_error) Received fatal alert: internal_error}}]
26-06-27 13:37:50.234 [cluster-ClusterId{value='6a3f62b0521b686753c49170', description='Cluster0'}-ac-twsyof8-shard-00-02.og0pkvw.mongodb.net:27017] DEBUG org.mongodb.driver.cluster - Checking status of ac-twsyof8-shard-00-02.og0pkvw.mongodb.net:27017
26-06-27 13:37:50.234 [cluster-ClusterId{value='6a3f62b0521b686753c49170', description='Cluster0'}-ac-twsyof8-shard-00-02.og0pkvw.mongodb.net:27017] DEBUG org.mongodb.driver.cluster - Heartbeat started for ac-twsyof8-shard-00-02.og0pkvw.mongodb.net:27017 on connection with driver-generated ID 23 and server-generated ID null in topology with ID ClusterId{value='6a3f62b0521b686753c49170', description='Cluster0'}. Awaited: false
26-06-27 13:37:50.251 [cluster-ClusterId{value='6a3f62b0521b686753c49170', description='Cluster0'}-ac-twsyof8-shard-00-00.og0pkvw.mongodb.net:27017] DEBUG org.mongodb.driver.cluster - Checking status of ac-twsyof8-shard-00-00.og0pkvw.mongodb.net:27017
26-06-27 13:37:50.251 [cluster-ClusterId{value='6a3f62b0521b686753c49170', description='Cluster0'}-ac-twsyof8-shard-00-00.og0pkvw.mongodb.net:27017] DEBUG org.mongodb.driver.cluster - Heartbeat started for ac-twsyof8-shard-00-00.og0pkvw.mongodb.net:27017 on connection with driver-generated ID 24 and server-generated ID null in topology with ID ClusterId{value='6a3f62b0521b686753c49170', description='Cluster0'}. Awaited: false
26-06-27 13:37:50.255 [cluster-ClusterId{value='6a3f62b0521b686753c49170', description='Cluster0'}-ac-twsyof8-shard-00-01.og0pkvw.mongodb.net:27017] DEBUG org.mongodb.driver.cluster - Checking status of ac-twsyof8-shard-00-01.og0pkvw.mongodb.net:27017
26-06-27 13:37:50.255 [cluster-ClusterId{value='6a3f62b0521b686753c49170', description='Cluster0'}-ac-twsyof8-shard-00-01.og0pkvw.mongodb.net:27017] DEBUG org.mongodb.driver.cluster - Heartbeat started for ac-twsyof8-shard-00-01.og0pkvw.mongodb.net:27017 on connection with driver-generated ID 25 and server-generated ID null in topology with ID ClusterId{value='6a3f62b0521b686753c49170', description='Cluster0'}. Awaited: false
26-06-27 13:37:50.351 [cluster-ClusterId{value='6a3f62b0521b686753c49170', description='Cluster0'}-ac-twsyof8-shard-00-02.og0pkvw.mongodb.net:27017] DEBUG org.mongodb.driver.cluster - Heartbeat failed in 118 ms for ac-twsyof8-shard-00-02.og0pkvw.mongodb.net:27017 on connection with driver-generated ID 23 and server-generated ID null in topology with ID ClusterId{value='6a3f62b0521b686753c49170', description='Cluster0'}. Awaited: false. Failure: Exception sending message
26-06-27 13:37:50.352 [cluster-ClusterId{value='6a3f62b0521b686753c49170', description='Cluster0'}-ac-twsyof8-shard-00-02.og0pkvw.mongodb.net:27017] DEBUG org.mongodb.driver.cluster - Updating cluster description to  {type=REPLICA_SET, servers=[{address=ac-twsyof8-shard-00-00.og0pkvw.mongodb.net:27017, type=UNKNOWN, state=CONNECTING, exception={com.mongodb.MongoSocketWriteException: Exception sending message}, caused by {javax.net.ssl.SSLException: (internal_error) Received fatal alert: internal_error}}, {address=ac-twsyof8-shard-00-01.og0pkvw.mongodb.net:27017, type=UNKNOWN, state=CONNECTING, exception={com.mongodb.MongoSocketWriteException: Exception sending message}, caused by {javax.net.ssl.SSLException: (internal_error) Received fatal alert: internal_error}}, {address=ac-twsyof8-shard-00-02.og0pkvw.mongodb.net:27017, type=UNKNOWN, state=CONNECTING, exception={com.mongodb.MongoSocketWriteException: Exception sending message}, caused by {javax.net.ssl.SSLException: (internal_error) Received fatal alert: internal_error}}]
26-06-27 13:37:50.403 [cluster-ClusterId{value='6a3f62b0521b686753c49170', description='Cluster0'}-ac-twsyof8-shard-00-01.og0pkvw.mongodb.net:27017] DEBUG org.mongodb.driver.cluster - Heartbeat failed in 148 ms for ac-twsyof8-shard-00-01.og0pkvw.mongodb.net:27017 on connection with driver-generated ID 25 and server-generated ID null in topology with ID ClusterId{value='6a3f62b0521b686753c49170', description='Cluster0'}. Awaited: false. Failure: Exception sending message
26-06-27 13:37:50.404 [cluster-ClusterId{value='6a3f62b0521b686753c49170', description='Cluster0'}-ac-twsyof8-shard-00-01.og0pkvw.mongodb.net:27017] DEBUG org.mongodb.driver.cluster - Updating cluster description to  {type=REPLICA_SET, servers=[{address=ac-twsyof8-shard-00-00.og0pkvw.mongodb.net:27017, type=UNKNOWN, state=CONNECTING, exception={com.mongodb.MongoSocketWriteException: Exception sending message}, caused by {javax.net.ssl.SSLException: (internal_error) Received fatal alert: internal_error}}, {address=ac-twsyof8-shard-00-01.og0pkvw.mongodb.net:27017, type=UNKNOWN, state=CONNECTING, exception={com.mongodb.MongoSocketWriteException: Exception sending message}, caused by {javax.net.ssl.SSLException: (internal_error) Received fatal alert: internal_error}}, {address=ac-twsyof8-shard-00-02.og0pkvw.mongodb.net:27017, type=UNKNOWN, state=CONNECTING, exception={com.mongodb.MongoSocketWriteException: Exception sending message}, caused by {javax.net.ssl.SSLException: (internal_error) Received fatal alert: internal_error}}]
26-06-27 13:37:50.414 [cluster-ClusterId{value='6a3f62b0521b686753c49170', description='Cluster0'}-ac-twsyof8-shard-00-00.og0pkvw.mongodb.net:27017] DEBUG org.mongodb.driver.cluster - Heartbeat failed in 163 ms for ac-twsyof8-shard-00-00.og0pkvw.mongodb.net:27017 on connection with driver-generated ID 24 and server-generated ID null in topology with ID ClusterId{value='6a3f62b0521b686753c49170', description='Cluster0'}. Awaited: false. Failure: Exception sending message
26-06-27 13:37:50.415 [cluster-ClusterId{value='6a3f62b0521b686753c49170', description='Cluster0'}-ac-twsyof8-shard-00-00.og0pkvw.mongodb.net:27017] DEBUG org.mongodb.driver.cluster - Updating cluster description to  {type=REPLICA_SET, servers=[{address=ac-twsyof8-shard-00-00.og0pkvw.mongodb.net:27017, type=UNKNOWN, state=CONNECTING, exception={com.mongodb.MongoSocketWriteException: Exception sending message}, caused by {javax.net.ssl.SSLException: (internal_error) Received fatal alert: internal_error}}, {address=ac-twsyof8-shard-00-01.og0pkvw.mongodb.net:27017, type=UNKNOWN, state=CONNECTING, exception={com.mongodb.MongoSocketWriteException: Exception sending message}, caused by {javax.net.ssl.SSLException: (internal_error) Received fatal alert: internal_error}}, {address=ac-twsyof8-shard-00-02.og0pkvw.mongodb.net:27017, type=UNKNOWN, state=CONNECTING, exception={com.mongodb.MongoSocketWriteException: Exception sending message}, caused by {javax.net.ssl.SSLException: (internal_error) Received fatal alert: internal_error}}]
